<?xml version="1.0" encoding="UTF-8"?>
<!-- Generated by org.testng.reporters.JUnitReportReporter -->
<testsuite hostname="DESKTOP-G2OEN18" failures="0" tests="3" name="dataprovider.dataprovider5" time="0.029" errors="0" timestamp="2023-05-19T17:46:54 IST" skipped="0">
  <testcase classname="dataprovider.dataprovider5" name="login" time="0.003"/>
  <system-out/>
  <testcase classname="dataprovider.dataprovider5" name="login" time="0.009"/>
  <system-out/>
  <testcase classname="dataprovider.dataprovider5" name="login" time="0.017"/>
  <system-out/>
</testsuite> <!-- dataprovider.dataprovider5 -->
