<?xml version="1.0" encoding="UTF-8"?>
<!-- Generated by org.testng.reporters.JUnitReportReporter -->
<testsuite hostname="DESKTOP-G2OEN18" failures="0" tests="1" name="dataprovidermulti.DataProvider7" time="1.074" errors="0" timestamp="2023-05-21T19:54:17 IST" skipped="0">
  <testcase classname="dataprovidermulti.DataProvider7" name="login" time="1.074"/>
  <system-out/>
</testsuite> <!-- dataprovidermulti.DataProvider7 -->
