<?xml version="1.0" encoding="UTF-8"?>
<!-- Generated by org.testng.reporters.JUnitReportReporter -->
<testsuite hostname="DESKTOP-G2OEN18" failures="0" tests="2" name="dataprovider.DataProvider11" time="0.029" errors="0" timestamp="2023-05-21T10:15:35 IST" skipped="0">
  <testcase classname="dataprovider.DataProvider11" name="login" time="0.004"/>
  <system-out/>
  <testcase classname="dataprovider.DataProvider11" name="login" time="0.025"/>
  <system-out/>
</testsuite> <!-- dataprovider.DataProvider11 -->
