<?xml version="1.0" encoding="UTF-8"?>
<!-- Generated by org.testng.reporters.JUnitReportReporter -->
<testsuite hostname="DESKTOP-G2OEN18" failures="0" tests="3" name="dataprovider.DataProvider2" time="0.027" errors="0" timestamp="2023-05-19T17:34:13 IST" skipped="0">
  <testcase classname="dataprovider.DataProvider2" name="login" time="0.002"/>
  <system-out/>
  <testcase classname="dataprovider.DataProvider2" name="login" time="0.005"/>
  <system-out/>
  <testcase classname="dataprovider.DataProvider2" name="login" time="0.020"/>
  <system-out/>
</testsuite> <!-- dataprovider.DataProvider2 -->
