<?xml version="1.0" encoding="UTF-8"?>
<!-- Generated by org.testng.reporters.JUnitReportReporter -->
<testsuite hostname="DESKTOP-G2OEN18" failures="0" tests="3" name="dataprovider.dataprvider7" time="0.030" errors="0" timestamp="2023-05-19T18:03:07 IST" skipped="0">
  <testcase classname="dataprovider.dataprvider7" name="login" time="0.008"/>
  <system-out/>
  <testcase classname="dataprovider.dataprvider7" name="login" time="0.005"/>
  <system-out/>
  <testcase classname="dataprovider.dataprvider7" name="login" time="0.017"/>
  <system-out/>
</testsuite> <!-- dataprovider.dataprvider7 -->
