<?xml version="1.0" encoding="UTF-8"?>
<!-- Generated by org.testng.reporters.JUnitReportReporter -->
<testsuite hostname="DESKTOP-G2OEN18" failures="0" tests="1" name="dataprovidermulti.DataProvider6" time="1.461" errors="0" timestamp="2023-05-21T19:44:46 IST" skipped="0">
  <testcase classname="dataprovidermulti.DataProvider6" name="login" time="1.461"/>
  <system-out/>
</testsuite> <!-- dataprovidermulti.DataProvider6 -->
