<?xml version="1.0" encoding="UTF-8"?>
<!-- Generated by org.testng.reporters.JUnitReportReporter -->
<testsuite hostname="DESKTOP-G2OEN18" failures="0" tests="3" name="dataprovider.DataPrvider6" time="0.028" errors="0" timestamp="2023-05-19T17:51:06 IST" skipped="0">
  <testcase classname="dataprovider.DataPrvider6" name="login" time="0.006"/>
  <system-out/>
  <testcase classname="dataprovider.DataPrvider6" name="login" time="0.004"/>
  <system-out/>
  <testcase classname="dataprovider.DataPrvider6" name="login" time="0.018"/>
  <system-out/>
</testsuite> <!-- dataprovider.DataPrvider6 -->
