<?xml version="1.0" encoding="UTF-8"?>
<!-- Generated by org.testng.reporters.JUnitReportReporter -->
<testsuite hostname="DESKTOP-G2OEN18" failures="0" tests="3" name="dataprovider.DataProvider1" time="0.050" errors="0" timestamp="2023-05-19T17:30:11 IST" skipped="0">
  <testcase classname="dataprovider.DataProvider1" name="login" time="0.004"/>
  <system-out/>
  <testcase classname="dataprovider.DataProvider1" name="login" time="0.009"/>
  <system-out/>
  <testcase classname="dataprovider.DataProvider1" name="login" time="0.037"/>
  <system-out/>
</testsuite> <!-- dataprovider.DataProvider1 -->
