<?xml version="1.0" encoding="UTF-8"?>
<!-- Generated by org.testng.reporters.JUnitReportReporter -->
<testsuite hostname="DESKTOP-G2OEN18" failures="0" tests="2" name="dataprovidermulti.DataProvider1" time="0.054" errors="0" timestamp="2023-05-21T18:04:06 IST" skipped="0">
  <testcase classname="dataprovidermulti.DataProvider1" name="login" time="0.046"/>
  <system-out/>
  <testcase classname="dataprovidermulti.DataProvider1" name="login" time="0.008"/>
  <system-out/>
</testsuite> <!-- dataprovidermulti.DataProvider1 -->
