<?xml version="1.0" encoding="UTF-8"?>
<!-- Generated by org.testng.reporters.JUnitReportReporter -->
<testsuite hostname="DESKTOP-G2OEN18" failures="0" tests="3" name="dataprovider.dataprovider3" time="0.026" errors="0" timestamp="2023-05-19T17:40:56 IST" skipped="0">
  <testcase classname="dataprovider.dataprovider3" name="login" time="0.005"/>
  <system-out/>
  <testcase classname="dataprovider.dataprovider3" name="login" time="0.004"/>
  <system-out/>
  <testcase classname="dataprovider.dataprovider3" name="login" time="0.017"/>
  <system-out/>
</testsuite> <!-- dataprovider.dataprovider3 -->
